<?xml version="1.0" encoding="UTF-8"?>
<!-- Generated by org.testng.reporters.JUnitReportReporter -->
<testsuite hostname="DESKTOP-AAJAMMR" failures="0" tests="1" name="Adminlogin.sampleTest" time="32.843" errors="0" timestamp="2022-09-30T17:47:07 IST" skipped="0">
  <testcase classname="Adminlogin.sampleTest" name="sample" time="32.843"/>
  <system-out/>
</testsuite> <!-- Adminlogin.sampleTest -->
