<?xml version="1.0" encoding="UTF-8"?>
<!-- Generated by org.testng.reporters.JUnitReportReporter -->
<testsuite hostname="DESKTOP-AAJAMMR" failures="0" tests="1" name="Adminlogin.LoginTest" time="47.345" errors="0" timestamp="2022-10-10T12:56:40 IST" skipped="0">
  <testcase classname="Adminlogin.LoginTest" name="adminloginlogout" time="47.345"/>
  <system-out/>
</testsuite> <!-- Adminlogin.LoginTest -->
